<?xml version="1.0" encoding="UTF-8"?>
<!-- Generated by org.testng.reporters.JUnitXMLReporter -->
<testsuite hostname="DESKTOP-ADGCHK6" ignored="4" name="Test" tests="4" failures="0" timestamp="2024-02-09T17:14:17 IST" time="44.521" errors="0">
  <testcase name="Branch" time="12.359" classname="com.ebanking.master.BranchNg"/>
  <testcase name="Rol" time="7.904" classname="com.ebanking.master.RoleNg"/>
  <testcase name="Rol" time="8.167" classname="com.ebanking.master.RoleNg"/>
  <testcase name="Rol" time="7.82" classname="com.ebanking.master.RoleNg"/>
  <testcase name="@BeforeSuite beforeSuite" time="0.0" classname="com.ebanking.master.Base">
    <ignored/>
  </testcase> <!-- @BeforeSuite beforeSuite -->
  <testcase name="@AfterSuite afterSuite" time="0.0" classname="com.ebanking.master.Base">
    <ignored/>
  </testcase> <!-- @AfterSuite afterSuite -->
  <testcase name="@BeforeTest beforeTest" time="0.0" classname="com.ebanking.master.Base">
    <ignored/>
  </testcase> <!-- @BeforeTest beforeTest -->
  <testcase name="@AfterTest afterTest" time="0.0" classname="com.ebanking.master.Base">
    <ignored/>
  </testcase> <!-- @AfterTest afterTest -->
</testsuite> <!-- Test -->
