<?xml version="1.0" encoding="UTF-8"?>
<testng-results skipped="0" failed="0" ignored="0" total="2" passed="2">
  <reporter-output>
  </reporter-output>
  <suite name="Suite" duration-ms="30237" started-at="2024-02-23T17:06:54 IST" finished-at="2024-02-23T17:07:24 IST">
    <groups>
    </groups>
    <test name="On Chrome" duration-ms="23239" started-at="2024-02-23T17:06:54 IST" finished-at="2024-02-23T17:07:17 IST">
      <class name="com.ebanking.master.SelGrid">
        <test-method status="PASS" signature="Grid(java.lang.String)[pri:0, instance:com.ebanking.master.SelGrid@6b57696f]" name="Grid" duration-ms="23145" started-at="2024-02-23T17:06:54 IST" finished-at="2024-02-23T17:07:17 IST">
          <params>
            <param index="0">
              <value>
                <![CDATA[chrome]]>
              </value>
            </param>
          </params>
          <reporter-output>
          </reporter-output>
        </test-method> <!-- Grid -->
      </class> <!-- com.ebanking.master.SelGrid -->
    </test> <!-- On Chrome -->
    <test name="On Firefox" duration-ms="30236" started-at="2024-02-23T17:06:54 IST" finished-at="2024-02-23T17:07:24 IST">
      <class name="com.ebanking.master.SelGrid">
        <test-method status="PASS" signature="Grid(java.lang.String)[pri:0, instance:com.ebanking.master.SelGrid@3b088d51]" name="Grid" duration-ms="30148" started-at="2024-02-23T17:06:54 IST" finished-at="2024-02-23T17:07:24 IST">
          <params>
            <param index="0">
              <value>
                <![CDATA[firefox]]>
              </value>
            </param>
          </params>
          <reporter-output>
          </reporter-output>
        </test-method> <!-- Grid -->
      </class> <!-- com.ebanking.master.SelGrid -->
    </test> <!-- On Firefox -->
  </suite> <!-- Suite -->
</testng-results>
